# JRE version: OpenJDK Runtime Environment (24.0.1+9) (build 24.0.1+9-30)
# Java VM: OpenJDK 64-Bit Server VM (24.0.1+9-30, mixed mode, emulated-client, sharing, tiered, compressed oops, compressed class ptrs, g1 gc, windows-amd64)
GC Precious Log:
 CardTable entry size: 512
 Card Set container configuration: InlinePtr #cards 4 size 8 Array Of Cards #cards 32 size 80 Howl #buckets 8 coarsen threshold 7372 Howl Bitmap #cards 1024 size 144 coarsen threshold 921 Card regions per heap region 1 cards per card region 8192
 CPUs: 16 total, 16 available
 Memory: 32689M
 Large Page Support: Disabled
 NUMA Support: Disabled
 Compressed Oops: Enabled (Zero based)
 Heap Region Size: 4M
 Heap Min Capacity: 8M
 Heap Initial Capacity: 512M
 Heap Max Capacity: 8176M
 Pre-touch: Disabled
 Parallel Workers: 13
 Concurrent Workers: 3
 Concurrent Refinement Workers: 13
 Periodic GC: Disabled
Heap:
 garbage-first heap   total reserved 8372224K, committed 290816K, used 58930K [0x0000000601000000, 0x0000000800000000)
  region size 4096K, 12 young (49152K), 1 survivors (4096K)
 Metaspace       used 32572K, committed 33152K, reserved 1114112K
  class space    used 3814K, committed 4032K, reserved 1048576K
GC Heap History (20 events):
Event: 758.193 GC heap before
{Heap before GC invocations=46 (full 2):
 garbage-first heap   total reserved 8372224K, committed 57344K, used 46437K [0x0000000601000000, 0x0000000800000000)
  region size 4096K, 8 young (32768K), 1 survivors (4096K)
 Metaspace       used 31570K, committed 32064K, reserved 1114112K
  class space    used 3683K, committed 3904K, reserved 1048576K
}
Event: 758.195 GC heap after
{Heap after GC invocations=47 (full 2):
 garbage-first heap   total reserved 8372224K, committed 57344K, used 17854K [0x0000000601000000, 0x0000000800000000)
  region size 4096K, 1 young (4096K), 1 survivors (4096K)
 Metaspace       used 31570K, committed 32064K, reserved 1114112K
  class space    used 3683K, committed 3904K, reserved 1048576K
}
Event: 758.223 GC heap before
{Heap before GC invocations=47 (full 2):
 garbage-first heap   total reserved 8372224K, committed 57344K, used 42430K [0x0000000601000000, 0x0000000800000000)
  region size 4096K, 7 young (28672K), 1 survivors (4096K)
 Metaspace       used 31570K, committed 32064K, reserved 1114112K
  class space    used 3683K, committed 3904K, reserved 1048576K
}
Event: 758.224 GC heap after
{Heap after GC invocations=48 (full 2):
 garbage-first heap   total reserved 8372224K, committed 57344K, used 17809K [0x0000000601000000, 0x0000000800000000)
  region size 4096K, 1 young (4096K), 1 survivors (4096K)
 Metaspace       used 31570K, committed 32064K, reserved 1114112K
  class space    used 3683K, committed 3904K, reserved 1048576K
}
Event: 758.252 GC heap before
{Heap before GC invocations=48 (full 2):
 garbage-first heap   total reserved 8372224K, committed 57344K, used 42385K [0x0000000601000000, 0x0000000800000000)
  region size 4096K, 7 young (28672K), 1 survivors (4096K)
 Metaspace       used 31570K, committed 32064K, reserved 1114112K
  class space    used 3683K, committed 3904K, reserved 1048576K
}
Event: 758.253 GC heap after
{Heap after GC invocations=49 (full 2):
 garbage-first heap   total reserved 8372224K, committed 57344K, used 17788K [0x0000000601000000, 0x0000000800000000)
  region size 4096K, 1 young (4096K), 1 survivors (4096K)
 Metaspace       used 31570K, committed 32064K, reserved 1114112K
  class space    used 3683K, committed 3904K, reserved 1048576K
}
Event: 758.282 GC heap before
{Heap before GC invocations=49 (full 2):
 garbage-first heap   total reserved 8372224K, committed 57344K, used 42364K [0x0000000601000000, 0x0000000800000000)
  region size 4096K, 7 young (28672K), 1 survivors (4096K)
 Metaspace       used 31570K, committed 32064K, reserved 1114112K
  class space    used 3683K, committed 3904K, reserved 1048576K
}
Event: 758.284 GC heap after
{Heap after GC invocations=50 (full 2):
 garbage-first heap   total reserved 8372224K, committed 290816K, used 17779K [0x0000000601000000, 0x0000000800000000)
  region size 4096K, 1 young (4096K), 1 survivors (4096K)
 Metaspace       used 31570K, committed 32064K, reserved 1114112K
  class space    used 3683K, committed 3904K, reserved 1048576K
}
Event: 772.310 GC heap before
{Heap before GC invocations=50 (full 2):
 garbage-first heap   total reserved 8372224K, committed 290816K, used 185715K [0x0000000601000000, 0x0000000800000000)
  region size 4096K, 42 young (172032K), 1 survivors (4096K)
 Metaspace       used 31570K, committed 32064K, reserved 1114112K
  class space    used 3683K, committed 3904K, reserved 1048576K
}
Event: 772.311 GC heap after
{Heap after GC invocations=51 (full 2):
 garbage-first heap   total reserved 8372224K, committed 290816K, used 17976K [0x0000000601000000, 0x0000000800000000)
  region size 4096K, 1 young (4096K), 1 survivors (4096K)
 Metaspace       used 31570K, committed 32064K, reserved 1114112K
  class space    used 3683K, committed 3904K, reserved 1048576K
}
Event: 772.516 GC heap before
{Heap before GC invocations=51 (full 2):
 garbage-first heap   total reserved 8372224K, committed 290816K, used 185912K [0x0000000601000000, 0x0000000800000000)
  region size 4096K, 42 young (172032K), 1 survivors (4096K)
 Metaspace       used 31570K, committed 32064K, reserved 1114112K
  class space    used 3683K, committed 3904K, reserved 1048576K
}
Event: 772.516 GC heap after
{Heap after GC invocations=52 (full 2):
 garbage-first heap   total reserved 8372224K, committed 290816K, used 17984K [0x0000000601000000, 0x0000000800000000)
  region size 4096K, 1 young (4096K), 1 survivors (4096K)
 Metaspace       used 31570K, committed 32064K, reserved 1114112K
  class space    used 3683K, committed 3904K, reserved 1048576K
}
Event: 780.918 GC heap before
{Heap before GC invocations=52 (full 2):
 garbage-first heap   total reserved 8372224K, committed 290816K, used 185920K [0x0000000601000000, 0x0000000800000000)
  region size 4096K, 42 young (172032K), 1 survivors (4096K)
 Metaspace       used 31570K, committed 32064K, reserved 1114112K
  class space    used 3683K, committed 3904K, reserved 1048576K
}
Event: 780.919 GC heap after
{Heap after GC invocations=53 (full 2):
 garbage-first heap   total reserved 8372224K, committed 290816K, used 17954K [0x0000000601000000, 0x0000000800000000)
  region size 4096K, 1 young (4096K), 1 survivors (4096K)
 Metaspace       used 31570K, committed 32064K, reserved 1114112K
  class space    used 3683K, committed 3904K, reserved 1048576K
}
Event: 781.120 GC heap before
{Heap before GC invocations=53 (full 2):
 garbage-first heap   total reserved 8372224K, committed 290816K, used 185890K [0x0000000601000000, 0x0000000800000000)
  region size 4096K, 42 young (172032K), 1 survivors (4096K)
 Metaspace       used 31570K, committed 32064K, reserved 1114112K
  class space    used 3683K, committed 3904K, reserved 1048576K
}
Event: 781.121 GC heap after
{Heap after GC invocations=54 (full 2):
 garbage-first heap   total reserved 8372224K, committed 290816K, used 17960K [0x0000000601000000, 0x0000000800000000)
  region size 4096K, 1 young (4096K), 1 survivors (4096K)
 Metaspace       used 31570K, committed 32064K, reserved 1114112K
  class space    used 3683K, committed 3904K, reserved 1048576K
}
Event: 785.225 GC heap before
{Heap before GC invocations=54 (full 2):
 garbage-first heap   total reserved 8372224K, committed 290816K, used 185896K [0x0000000601000000, 0x0000000800000000)
  region size 4096K, 42 young (172032K), 1 survivors (4096K)
 Metaspace       used 31570K, committed 32064K, reserved 1114112K
  class space    used 3683K, committed 3904K, reserved 1048576K
}
Event: 785.226 GC heap after
{Heap after GC invocations=55 (full 2):
 garbage-first heap   total reserved 8372224K, committed 290816K, used 17958K [0x0000000601000000, 0x0000000800000000)
  region size 4096K, 1 young (4096K), 1 survivors (4096K)
 Metaspace       used 31570K, committed 32064K, reserved 1114112K
  class space    used 3683K, committed 3904K, reserved 1048576K
}
Event: 785.419 GC heap before
{Heap before GC invocations=55 (full 2):
 garbage-first heap   total reserved 8372224K, committed 290816K, used 185894K [0x0000000601000000, 0x0000000800000000)
  region size 4096K, 42 young (172032K), 1 survivors (4096K)
 Metaspace       used 31570K, committed 32064K, reserved 1114112K
  class space    used 3683K, committed 3904K, reserved 1048576K
}
Event: 785.420 GC heap after
{Heap after GC invocations=56 (full 2):
 garbage-first heap   total reserved 8372224K, committed 290816K, used 17970K [0x0000000601000000, 0x0000000800000000)
  region size 4096K, 1 young (4096K), 1 survivors (4096K)
 Metaspace       used 31570K, committed 32064K, reserved 1114112K
  class space    used 3683K, committed 3904K, reserved 1048576K
}

